<html>
<head>
  <title>Custom TestNG Report</title>
  <style>
    body { font-family: Arial, sans-serif; margin: 20px; }
    h3 { background-color: #444; color: white; padding: 10px; margin-top: 30px; }
    table { border-collapse: collapse; width: 100%; margin-bottom: 20px; }
    th, td { border: 1px solid #ccc; padding: 8px; text-align: left; }
    th { background: #f7f7f7; }
    .status-PASS { color: #167a25; font-weight: bold; }
    .status-FAIL { color: #b00020; font-weight: bold; }
    .status-SKIP { color: #9a6700; font-weight: bold; }
    .error { white-space: pre-wrap; color: #b00020; font-size: 11px; }
  </style>
</head>
<body>
<h2>Test Execution Summary</h2><h3>Class: com.example.tests.ESCTest</h3><table><tr><th style='width: 50px;'>No</th><th>Method Name</th><th>Description</th><th>Test Data</th><th style='width: 80px;'>Result</th><th>Failure Reason</th><th style='width: 80px;'>Time (ms)</th></tr><tr><td>1</td><td>submitForm</td><td>Verification of ESC Portal Quick links</td><td>REQ0010043</td><td class='status-PASS'>PASS</td><td></td><td>12639</td></tr><tr><td>2</td><td>checkingRequest</td><td>Verification of Request</td><td></td><td class='status-PASS'>PASS</td><td></td><td>12525</td></tr><tr><td>3</td><td>checkingRITM</td><td>Verification of RITM</td><td></td><td class='status-FAIL'>FAIL</td><td><div class='error'>org.openqa.selenium.NoSuchElementException: no such element: Unable to locate element: {&quot;method&quot;:&quot;xpath&quot;,&quot;selector&quot;:&quot;d//table[@id='sc_request.sc_req_item.request_table']/tbody/tr/td[3]/a&quot;}
  (Session info: chrome=143.0.7499.147)
For documentation on this error, please visit: https://www.selenium.dev/documentation/webdriver/troubleshooting/errors#no-such-element-exception
Build info: version: '4.21.0', revision: '79ed462ef4'
System info: os.name: 'Windows 11', os.arch: 'amd64', os.version: '10.0', java.version: '21.0.9'
Driver info: org.openqa.selenium.chrome.ChromeDriver
Command: [6b33ecb29a5f39a16676b8d62fcb32ec, findElement {value=d//table[@id='sc_request.sc_req_item.request_table']/tbody/tr/td[3]/a, using=xpath}]
Capabilities {acceptInsecureCerts: false, browserName: chrome, browserVersion: 143.0.7499.147, chrome: {chromedriverVersion: 143.0.7499.169 (164b20aab62..., userDataDir: C:\Users\SANDES~1\AppData\L...}, fedcm:accounts: true, goog:chromeOptions: {debuggerAddress: localhost:61041}, goog:processID: 29768, networkConnectionEnabled: false, pageLoadStrategy: normal, platformName: windows, proxy: Proxy(), se:cdp: ws://localhost:61041/devtoo..., se:cdpVersion: 143.0.7499.147, setWindowRect: true, strictFileInteractability: false, timeouts: {implicit: 0, pageLoad: 300000, script: 30000}, unhandledPromptBehavior: dismiss and notify, webauthn:extension:credBlob: true, webauthn:extension:largeBlob: true, webauthn:extension:minPinLength: true, webauthn:extension:prf: true, webauthn:virtualAuthenticators: true}
Session ID: 6b33ecb29a5f39a16676b8d62fcb32ec
    at java.base/jdk.internal.reflect.DirectConstructorHandleAccessor.newInstance(DirectConstructorHandleAccessor.java:62)
    at java.base/java.lang.reflect.Constructor.newInstanceWithCaller(Constructor.java:502)
    at java.base/java.lang.reflect.Constructor.newInstance(Constructor.java:486)
    at org.openqa.selenium.remote.ErrorCodec.decode(ErrorCodec.java:167)
    at org.openqa.selenium.remote.codec.w3c.W3CHttpResponseCodec.decode(W3CHttpResponseCodec.java:138)
    at org.openqa.selenium.remote.codec.w3c.W3CHttpResponseCodec.decode(W3CHttpResponseCodec.java:50)
    at org.openqa.selenium.remote.HttpCommandExecutor.execute(HttpCommandExecutor.java:190)
    at org.openqa.selenium.remote.service.DriverCommandExecutor.invokeExecute(DriverCommandExecutor.java:216)
    at org.openqa.selenium.remote.service.DriverCommandExecutor.execute(DriverCommandExecutor.java:174)
    at org.openqa.selenium.remote.RemoteWebDriver.execute(RemoteWebDriver.java:518)
    at org.openqa.selenium.remote.ElementLocation$ElementFinder$2.findElement(ElementLocation.java:165)
    at org.openqa.selenium.remote.ElementLocation.findElement(ElementLocation.java:59)
    at org.openqa.selenium.remote.RemoteWebDriver.findElement(RemoteWebDriver.java:355)
    at org.openqa.selenium.remote.RemoteWebDriver.findElement(RemoteWebDriver.java:349)
    at com.example.tests.ESCTest.checkingRITM(ESCTest.java:176)
    at java.base/jdk.internal.reflect.DirectMethodHandleAccessor.invoke(DirectMethodHandleAccessor.java:103)
    at java.base/java.lang.reflect.Method.invoke(Method.java:580)
    at org.testng.internal.invokers.MethodInvocationHelper.invokeMethod(MethodInvocationHelper.java:141)
    at org.testng.internal.invokers.TestInvoker.invokeMethod(TestInvoker.java:687)
    at org.testng.internal.invokers.TestInvoker.invokeTestMethod(TestInvoker.java:230)
    at org.testng.internal.invokers.MethodRunner.runInSequence(MethodRunner.java:63)
    at org.testng.internal.invokers.TestInvoker$MethodInvocationAgent.invoke(TestInvoker.java:995)
    at org.testng.internal.invokers.TestInvoker.invokeTestMethods(TestInvoker.java:203)
    at org.testng.internal.invokers.TestMethodWorker.invokeTestMethods(TestMethodWorker.java:154)
    at org.testng.internal.invokers.TestMethodWorker.run(TestMethodWorker.java:134)
    at java.base/java.util.ArrayList.forEach(ArrayList.java:1596)
    at org.testng.TestRunner.privateRun(TestRunner.java:741)
    at org.testng.TestRunner.run(TestRunner.java:616)
    at org.testng.SuiteRunner.runTest(SuiteRunner.java:421)
    at org.testng.SuiteRunner.runSequentially(SuiteRunner.java:413)
    at org.testng.SuiteRunner.privateRun(SuiteRunner.java:373)
    at org.testng.SuiteRunner.run(SuiteRunner.java:312)
    at org.testng.SuiteRunnerWorker.runSuite(SuiteRunnerWorker.java:52)
    at org.testng.SuiteRunnerWorker.run(SuiteRunnerWorker.java:95)
    at org.testng.TestNG.runSuitesSequentially(TestNG.java:1274)
    at org.testng.TestNG.runSuitesLocally(TestNG.java:1208)
    at org.testng.TestNG.runSuites(TestNG.java:1112)
    at org.testng.TestNG.run(TestNG.java:1079)
    at org.testng.remote.AbstractRemoteTestNG.run(AbstractRemoteTestNG.java:115)
    at org.testng.remote.RemoteTestNG.initAndRun(RemoteTestNG.java:293)
    at org.testng.remote.RemoteTestNG.main(RemoteTestNG.java:91)
</div></td><td>10118</td></tr></table><h3>Class: com.example.tests.Incident</h3><table><tr><th style='width: 50px;'>No</th><th>Method Name</th><th>Description</th><th>Test Data</th><th style='width: 80px;'>Result</th><th>Failure Reason</th><th style='width: 80px;'>Time (ms)</th></tr><tr><td>1</td><td>navigateToIncidentList</td><td>Verification of Navigate to Incident list</td><td></td><td class='status-PASS'>PASS</td><td></td><td>7620</td></tr><tr><td>2</td><td>createIncident</td><td>Verification of Create Incident</td><td>INC0010022</td><td class='status-PASS'>PASS</td><td></td><td>9641</td></tr><tr><td>3</td><td>checkingRequest</td><td>Verification of Incident</td><td>INC0010022</td><td class='status-PASS'>PASS</td><td></td><td>9221</td></tr></table><h3>Class: com.example.tests.ESCtest1</h3><table><tr><th style='width: 50px;'>No</th><th>Method Name</th><th>Description</th><th>Test Data</th><th style='width: 80px;'>Result</th><th>Failure Reason</th><th style='width: 80px;'>Time (ms)</th></tr><tr><td>1</td><td>clickQuicklinks</td><td>Verification of System Status Quick Link</td><td></td><td class='status-PASS'>PASS</td><td></td><td>6062</td></tr><tr><td>2</td><td>subscribeToUpdate</td><td>Verification of Subscribe to update button</td><td></td><td class='status-FAIL'>FAIL</td><td><div class='error'>org.openqa.selenium.NoSuchElementException: no such element: Unable to locate element: {&quot;method&quot;:&quot;xpath&quot;,&quot;selector&quot;:&quot;//*[@id=&quot;xa2bad482d7001200a9addd173e24d439&quot;]/div/div[1]/h3&quot;}
  (Session info: chrome=143.0.7499.147)
For documentation on this error, please visit: https://www.selenium.dev/documentation/webdriver/troubleshooting/errors#no-such-element-exception
Build info: version: '4.21.0', revision: '79ed462ef4'
System info: os.name: 'Windows 11', os.arch: 'amd64', os.version: '10.0', java.version: '21.0.9'
Driver info: org.openqa.selenium.chrome.ChromeDriver
Command: [51d1749fe589f613f1f9dc0e1c1e6910, findElement {value=//*[@id=&quot;xa2bad482d7001200a9addd173e24d439&quot;]/div/div[1]/h3, using=xpath}]
Capabilities {acceptInsecureCerts: false, browserName: chrome, browserVersion: 143.0.7499.147, chrome: {chromedriverVersion: 143.0.7499.169 (164b20aab62..., userDataDir: C:\Users\SANDES~1\AppData\L...}, fedcm:accounts: true, goog:chromeOptions: {debuggerAddress: localhost:58247}, goog:processID: 17672, networkConnectionEnabled: false, pageLoadStrategy: normal, platformName: windows, proxy: Proxy(), se:cdp: ws://localhost:58247/devtoo..., se:cdpVersion: 143.0.7499.147, setWindowRect: true, strictFileInteractability: false, timeouts: {implicit: 0, pageLoad: 300000, script: 30000}, unhandledPromptBehavior: dismiss and notify, webauthn:extension:credBlob: true, webauthn:extension:largeBlob: true, webauthn:extension:minPinLength: true, webauthn:extension:prf: true, webauthn:virtualAuthenticators: true}
Session ID: 51d1749fe589f613f1f9dc0e1c1e6910
    at java.base/jdk.internal.reflect.DirectConstructorHandleAccessor.newInstance(DirectConstructorHandleAccessor.java:62)
    at java.base/java.lang.reflect.Constructor.newInstanceWithCaller(Constructor.java:502)
    at java.base/java.lang.reflect.Constructor.newInstance(Constructor.java:486)
    at org.openqa.selenium.remote.ErrorCodec.decode(ErrorCodec.java:167)
    at org.openqa.selenium.remote.codec.w3c.W3CHttpResponseCodec.decode(W3CHttpResponseCodec.java:138)
    at org.openqa.selenium.remote.codec.w3c.W3CHttpResponseCodec.decode(W3CHttpResponseCodec.java:50)
    at org.openqa.selenium.remote.HttpCommandExecutor.execute(HttpCommandExecutor.java:190)
    at org.openqa.selenium.remote.service.DriverCommandExecutor.invokeExecute(DriverCommandExecutor.java:216)
    at org.openqa.selenium.remote.service.DriverCommandExecutor.execute(DriverCommandExecutor.java:174)
    at org.openqa.selenium.remote.RemoteWebDriver.execute(RemoteWebDriver.java:518)
    at org.openqa.selenium.remote.ElementLocation$ElementFinder$2.findElement(ElementLocation.java:165)
    at org.openqa.selenium.remote.ElementLocation.findElement(ElementLocation.java:59)
    at org.openqa.selenium.remote.RemoteWebDriver.findElement(RemoteWebDriver.java:355)
    at org.openqa.selenium.remote.RemoteWebDriver.findElement(RemoteWebDriver.java:349)
    at com.example.tests.ESCtest1.subscribeToUpdate(ESCtest1.java:77)
    at java.base/jdk.internal.reflect.DirectMethodHandleAccessor.invoke(DirectMethodHandleAccessor.java:103)
    at java.base/java.lang.reflect.Method.invoke(Method.java:580)
    at org.testng.internal.invokers.MethodInvocationHelper.invokeMethod(MethodInvocationHelper.java:141)
    at org.testng.internal.invokers.TestInvoker.invokeMethod(TestInvoker.java:687)
    at org.testng.internal.invokers.TestInvoker.invokeTestMethod(TestInvoker.java:230)
    at org.testng.internal.invokers.MethodRunner.runInSequence(MethodRunner.java:63)
    at org.testng.internal.invokers.TestInvoker$MethodInvocationAgent.invoke(TestInvoker.java:995)
    at org.testng.internal.invokers.TestInvoker.invokeTestMethods(TestInvoker.java:203)
    at org.testng.internal.invokers.TestMethodWorker.invokeTestMethods(TestMethodWorker.java:154)
    at org.testng.internal.invokers.TestMethodWorker.run(TestMethodWorker.java:134)
    at java.base/java.util.ArrayList.forEach(ArrayList.java:1596)
    at org.testng.TestRunner.privateRun(TestRunner.java:741)
    at org.testng.TestRunner.run(TestRunner.java:616)
    at org.testng.SuiteRunner.runTest(SuiteRunner.java:421)
    at org.testng.SuiteRunner.runSequentially(SuiteRunner.java:413)
    at org.testng.SuiteRunner.privateRun(SuiteRunner.java:373)
    at org.testng.SuiteRunner.run(SuiteRunner.java:312)
    at org.testng.SuiteRunnerWorker.runSuite(SuiteRunnerWorker.java:52)
    at org.testng.SuiteRunnerWorker.run(SuiteRunnerWorker.java:95)
    at org.testng.TestNG.runSuitesSequentially(TestNG.java:1274)
    at org.testng.TestNG.runSuitesLocally(TestNG.java:1208)
    at org.testng.TestNG.runSuites(TestNG.java:1112)
    at org.testng.TestNG.run(TestNG.java:1079)
    at org.testng.remote.AbstractRemoteTestNG.run(AbstractRemoteTestNG.java:115)
    at org.testng.remote.RemoteTestNG.initAndRun(RemoteTestNG.java:293)
    at org.testng.remote.RemoteTestNG.main(RemoteTestNG.java:91)
</div></td><td>10026</td></tr><tr><td>3</td><td>unSubscribeToUpdate</td><td>Verification of UnSubscribe to update button</td><td></td><td class='status-SKIP'>SKIP</td><td><div class='error'>java.lang.Throwable: Method com.example.tests.ESCtest1.unSubscribeToUpdate() on instance com.example.tests.ESCtest1@4988d8b8 depends on not successfully finished methods 
[com.example.tests.ESCtest1.subscribeToUpdate() on instance com.example.tests.ESCtest1@4988d8b8]
    at org.testng.internal.invokers.TestInvoker.invokeTestMethods(TestInvoker.java:159)
    at org.testng.internal.invokers.TestMethodWorker.invokeTestMethods(TestMethodWorker.java:154)
    at org.testng.internal.invokers.TestMethodWorker.run(TestMethodWorker.java:134)
    at java.base/java.util.ArrayList.forEach(ArrayList.java:1596)
    at org.testng.TestRunner.privateRun(TestRunner.java:741)
    at org.testng.TestRunner.run(TestRunner.java:616)
    at org.testng.SuiteRunner.runTest(SuiteRunner.java:421)
    at org.testng.SuiteRunner.runSequentially(SuiteRunner.java:413)
    at org.testng.SuiteRunner.privateRun(SuiteRunner.java:373)
    at org.testng.SuiteRunner.run(SuiteRunner.java:312)
    at org.testng.SuiteRunnerWorker.runSuite(SuiteRunnerWorker.java:52)
    at org.testng.SuiteRunnerWorker.run(SuiteRunnerWorker.java:95)
    at org.testng.TestNG.runSuitesSequentially(TestNG.java:1274)
    at org.testng.TestNG.runSuitesLocally(TestNG.java:1208)
    at org.testng.TestNG.runSuites(TestNG.java:1112)
    at org.testng.TestNG.run(TestNG.java:1079)
    at org.testng.remote.AbstractRemoteTestNG.run(AbstractRemoteTestNG.java:115)
    at org.testng.remote.RemoteTestNG.initAndRun(RemoteTestNG.java:293)
    at org.testng.remote.RemoteTestNG.main(RemoteTestNG.java:91)
</div></td><td>0</td></tr></table><h3>Class: com.example.tests.NormalChange</h3><table><tr><th style='width: 50px;'>No</th><th>Method Name</th><th>Description</th><th>Test Data</th><th style='width: 80px;'>Result</th><th>Failure Reason</th><th style='width: 80px;'>Time (ms)</th></tr><tr><td>1</td><td>impersonateUser</td><td>Verification of User Impersonation</td><td></td><td class='status-PASS'>PASS</td><td></td><td>11710</td></tr><tr><td>2</td><td>navigateToChangeList</td><td>Verification of Navigate to Change list</td><td></td><td class='status-PASS'>PASS</td><td></td><td>8348</td></tr><tr><td>3</td><td>clickNormalChangeWidget</td><td>Verification of Normal Change widget</td><td></td><td class='status-FAIL'>FAIL</td><td><div class='error'>org.openqa.selenium.ElementClickInterceptedException: element click intercepted: Element &lt;iframe title=&quot;Main Content&quot; id=&quot;gsft_main&quot; name=&quot;gsft_main&quot; src=&quot;change_request_list.do?sysparm_clear_stack=true&quot; slot=&quot;core-ui&quot; style=&quot;visibility: visible; background-color: rgb(255, 255, 255);&quot; cd_frame_id_=&quot;92f18051850dc3dd18fc54a4429cae1e&quot; aria-hidden=&quot;true&quot;&gt;&lt;/iframe&gt; is not clickable at point (1704, 73). Other element would receive the click: &lt;sn-polaris-layout component-id=&quot;4558a00483023210f4aac629feaad31b-polarisLayout&quot; now-skip-render-until-present=&quot;selectedContent,userSession,userPreferences&quot; now-id=&quot;4558a00483023210f4aac629feaad31b-polarisLayout&quot; dir=&quot;ltr&quot; style=&quot;--aside-height: 0rem;&quot;&gt;...&lt;/sn-polaris-layout&gt;
  (Session info: chrome=143.0.7499.147)
Build info: version: '4.21.0', revision: '79ed462ef4'
System info: os.name: 'Windows 11', os.arch: 'amd64', os.version: '10.0', java.version: '21.0.9'
Driver info: org.openqa.selenium.chrome.ChromeDriver
Command: [f914bfffde6d2b28fbd894df7267a7a7, clickElement {id=f.EBCC2349B299226CB47C44DA867CE224.d.CF68B2C27C3F81049F53AA5C90939BF9.e.257}]
Capabilities {acceptInsecureCerts: false, browserName: chrome, browserVersion: 143.0.7499.147, chrome: {chromedriverVersion: 143.0.7499.169 (164b20aab62..., userDataDir: C:\Users\SANDES~1\AppData\L...}, fedcm:accounts: true, goog:chromeOptions: {debuggerAddress: localhost:64430}, goog:processID: 6452, networkConnectionEnabled: false, pageLoadStrategy: normal, platformName: windows, proxy: Proxy(), se:cdp: ws://localhost:64430/devtoo..., se:cdpVersion: 143.0.7499.147, setWindowRect: true, strictFileInteractability: false, timeouts: {implicit: 0, pageLoad: 300000, script: 30000}, unhandledPromptBehavior: dismiss and notify, webauthn:extension:credBlob: true, webauthn:extension:largeBlob: true, webauthn:extension:minPinLength: true, webauthn:extension:prf: true, webauthn:virtualAuthenticators: true}
Element: [org.openqa.selenium.remote.RemoteWebElement@bc2eebff -&gt; unknown locator]
Session ID: f914bfffde6d2b28fbd894df7267a7a7
    at java.base/jdk.internal.reflect.DirectConstructorHandleAccessor.newInstance(DirectConstructorHandleAccessor.java:62)
    at java.base/java.lang.reflect.Constructor.newInstanceWithCaller(Constructor.java:502)
    at java.base/java.lang.reflect.Constructor.newInstance(Constructor.java:486)
    at org.openqa.selenium.remote.ErrorCodec.decode(ErrorCodec.java:167)
    at org.openqa.selenium.remote.codec.w3c.W3CHttpResponseCodec.decode(W3CHttpResponseCodec.java:138)
    at org.openqa.selenium.remote.codec.w3c.W3CHttpResponseCodec.decode(W3CHttpResponseCodec.java:50)
    at org.openqa.selenium.remote.HttpCommandExecutor.execute(HttpCommandExecutor.java:190)
    at org.openqa.selenium.remote.service.DriverCommandExecutor.invokeExecute(DriverCommandExecutor.java:216)
    at org.openqa.selenium.remote.service.DriverCommandExecutor.execute(DriverCommandExecutor.java:174)
    at org.openqa.selenium.remote.RemoteWebDriver.execute(RemoteWebDriver.java:518)
    at org.openqa.selenium.remote.RemoteWebElement.execute(RemoteWebElement.java:223)
    at org.openqa.selenium.remote.RemoteWebElement.click(RemoteWebElement.java:76)
    at com.example.base.Navigator.newUIAction(Navigator.java:31)
    at com.example.tests.NormalChange.clickNormalChangeWidget(NormalChange.java:79)
    at java.base/jdk.internal.reflect.DirectMethodHandleAccessor.invoke(DirectMethodHandleAccessor.java:103)
    at java.base/java.lang.reflect.Method.invoke(Method.java:580)
    at org.testng.internal.invokers.MethodInvocationHelper.invokeMethod(MethodInvocationHelper.java:141)
    at org.testng.internal.invokers.TestInvoker.invokeMethod(TestInvoker.java:687)
    at org.testng.internal.invokers.TestInvoker.invokeTestMethod(TestInvoker.java:230)
    at org.testng.internal.invokers.MethodRunner.runInSequence(MethodRunner.java:63)
    at org.testng.internal.invokers.TestInvoker$MethodInvocationAgent.invoke(TestInvoker.java:995)
    at org.testng.internal.invokers.TestInvoker.invokeTestMethods(TestInvoker.java:203)
    at org.testng.internal.invokers.TestMethodWorker.invokeTestMethods(TestMethodWorker.java:154)
    at org.testng.internal.invokers.TestMethodWorker.run(TestMethodWorker.java:134)
    at java.base/java.util.ArrayList.forEach(ArrayList.java:1596)
    at org.testng.TestRunner.privateRun(TestRunner.java:741)
    at org.testng.TestRunner.run(TestRunner.java:616)
    at org.testng.SuiteRunner.runTest(SuiteRunner.java:421)
    at org.testng.SuiteRunner.runSequentially(SuiteRunner.java:413)
    at org.testng.SuiteRunner.privateRun(SuiteRunner.java:373)
    at org.testng.SuiteRunner.run(SuiteRunner.java:312)
    at org.testng.SuiteRunnerWorker.runSuite(SuiteRunnerWorker.java:52)
    at org.testng.SuiteRunnerWorker.run(SuiteRunnerWorker.java:95)
    at org.testng.TestNG.runSuitesSequentially(TestNG.java:1274)
    at org.testng.TestNG.runSuitesLocally(TestNG.java:1208)
    at org.testng.TestNG.runSuites(TestNG.java:1112)
    at org.testng.TestNG.run(TestNG.java:1079)
    at org.testng.remote.AbstractRemoteTestNG.run(AbstractRemoteTestNG.java:115)
    at org.testng.remote.RemoteTestNG.initAndRun(RemoteTestNG.java:293)
    at org.testng.remote.RemoteTestNG.main(RemoteTestNG.java:91)
</div></td><td>1440</td></tr><tr><td>4</td><td>createChange</td><td>Verification of Creation of change</td><td></td><td class='status-SKIP'>SKIP</td><td><div class='error'>java.lang.Throwable: Method com.example.tests.NormalChange.createChange() on instance com.example.tests.NormalChange@c0c2f8d depends on not successfully finished methods 
[com.example.tests.NormalChange.clickNormalChangeWidget() on instance com.example.tests.NormalChange@c0c2f8d]
    at org.testng.internal.invokers.TestInvoker.invokeTestMethods(TestInvoker.java:159)
    at org.testng.internal.invokers.TestMethodWorker.invokeTestMethods(TestMethodWorker.java:154)
    at org.testng.internal.invokers.TestMethodWorker.run(TestMethodWorker.java:134)
    at java.base/java.util.ArrayList.forEach(ArrayList.java:1596)
    at org.testng.TestRunner.privateRun(TestRunner.java:741)
    at org.testng.TestRunner.run(TestRunner.java:616)
    at org.testng.SuiteRunner.runTest(SuiteRunner.java:421)
    at org.testng.SuiteRunner.runSequentially(SuiteRunner.java:413)
    at org.testng.SuiteRunner.privateRun(SuiteRunner.java:373)
    at org.testng.SuiteRunner.run(SuiteRunner.java:312)
    at org.testng.SuiteRunnerWorker.runSuite(SuiteRunnerWorker.java:52)
    at org.testng.SuiteRunnerWorker.run(SuiteRunnerWorker.java:95)
    at org.testng.TestNG.runSuitesSequentially(TestNG.java:1274)
    at org.testng.TestNG.runSuitesLocally(TestNG.java:1208)
    at org.testng.TestNG.runSuites(TestNG.java:1112)
    at org.testng.TestNG.run(TestNG.java:1079)
    at org.testng.remote.AbstractRemoteTestNG.run(AbstractRemoteTestNG.java:115)
    at org.testng.remote.RemoteTestNG.initAndRun(RemoteTestNG.java:293)
    at org.testng.remote.RemoteTestNG.main(RemoteTestNG.java:91)
</div></td><td>0</td></tr><tr><td>5</td><td>openChange</td><td>Verification of opening Created change record from list</td><td></td><td class='status-SKIP'>SKIP</td><td><div class='error'>java.lang.Throwable: Method com.example.tests.NormalChange.openChange() on instance com.example.tests.NormalChange@c0c2f8d depends on not successfully finished methods 
[com.example.tests.NormalChange.createChange() on instance com.example.tests.NormalChange@c0c2f8d]
    at org.testng.internal.invokers.TestInvoker.invokeTestMethods(TestInvoker.java:159)
    at org.testng.internal.invokers.TestMethodWorker.invokeTestMethods(TestMethodWorker.java:154)
    at org.testng.internal.invokers.TestMethodWorker.run(TestMethodWorker.java:134)
    at java.base/java.util.ArrayList.forEach(ArrayList.java:1596)
    at org.testng.TestRunner.privateRun(TestRunner.java:741)
    at org.testng.TestRunner.run(TestRunner.java:616)
    at org.testng.SuiteRunner.runTest(SuiteRunner.java:421)
    at org.testng.SuiteRunner.runSequentially(SuiteRunner.java:413)
    at org.testng.SuiteRunner.privateRun(SuiteRunner.java:373)
    at org.testng.SuiteRunner.run(SuiteRunner.java:312)
    at org.testng.SuiteRunnerWorker.runSuite(SuiteRunnerWorker.java:52)
    at org.testng.SuiteRunnerWorker.run(SuiteRunnerWorker.java:95)
    at org.testng.TestNG.runSuitesSequentially(TestNG.java:1274)
    at org.testng.TestNG.runSuitesLocally(TestNG.java:1208)
    at org.testng.TestNG.runSuites(TestNG.java:1112)
    at org.testng.TestNG.run(TestNG.java:1079)
    at org.testng.remote.AbstractRemoteTestNG.run(AbstractRemoteTestNG.java:115)
    at org.testng.remote.RemoteTestNG.initAndRun(RemoteTestNG.java:293)
    at org.testng.remote.RemoteTestNG.main(RemoteTestNG.java:91)
</div></td><td>0</td></tr><tr><td>6</td><td>uiActionRequestApproval</td><td>Verification of Generated Approvals</td><td></td><td class='status-SKIP'>SKIP</td><td><div class='error'>java.lang.Throwable: Method com.example.tests.NormalChange.uiActionRequestApproval() on instance com.example.tests.NormalChange@c0c2f8d depends on not successfully finished methods 
[com.example.tests.NormalChange.openChange() on instance com.example.tests.NormalChange@c0c2f8d]
    at org.testng.internal.invokers.TestInvoker.invokeTestMethods(TestInvoker.java:159)
    at org.testng.internal.invokers.TestMethodWorker.invokeTestMethods(TestMethodWorker.java:154)
    at org.testng.internal.invokers.TestMethodWorker.run(TestMethodWorker.java:134)
    at java.base/java.util.ArrayList.forEach(ArrayList.java:1596)
    at org.testng.TestRunner.privateRun(TestRunner.java:741)
    at org.testng.TestRunner.run(TestRunner.java:616)
    at org.testng.SuiteRunner.runTest(SuiteRunner.java:421)
    at org.testng.SuiteRunner.runSequentially(SuiteRunner.java:413)
    at org.testng.SuiteRunner.privateRun(SuiteRunner.java:373)
    at org.testng.SuiteRunner.run(SuiteRunner.java:312)
    at org.testng.SuiteRunnerWorker.runSuite(SuiteRunnerWorker.java:52)
    at org.testng.SuiteRunnerWorker.run(SuiteRunnerWorker.java:95)
    at org.testng.TestNG.runSuitesSequentially(TestNG.java:1274)
    at org.testng.TestNG.runSuitesLocally(TestNG.java:1208)
    at org.testng.TestNG.runSuites(TestNG.java:1112)
    at org.testng.TestNG.run(TestNG.java:1079)
    at org.testng.remote.AbstractRemoteTestNG.run(AbstractRemoteTestNG.java:115)
    at org.testng.remote.RemoteTestNG.initAndRun(RemoteTestNG.java:293)
    at org.testng.remote.RemoteTestNG.main(RemoteTestNG.java:91)
</div></td><td>0</td></tr><tr><td>7</td><td>approvals</td><td>Verification of Approvals</td><td></td><td class='status-SKIP'>SKIP</td><td><div class='error'>java.lang.Throwable: Method com.example.tests.NormalChange.approvals() on instance com.example.tests.NormalChange@c0c2f8d depends on not successfully finished methods 
[com.example.tests.NormalChange.uiActionRequestApproval() on instance com.example.tests.NormalChange@c0c2f8d]
    at org.testng.internal.invokers.TestInvoker.invokeTestMethods(TestInvoker.java:159)
    at org.testng.internal.invokers.TestMethodWorker.invokeTestMethods(TestMethodWorker.java:154)
    at org.testng.internal.invokers.TestMethodWorker.run(TestMethodWorker.java:134)
    at java.base/java.util.ArrayList.forEach(ArrayList.java:1596)
    at org.testng.TestRunner.privateRun(TestRunner.java:741)
    at org.testng.TestRunner.run(TestRunner.java:616)
    at org.testng.SuiteRunner.runTest(SuiteRunner.java:421)
    at org.testng.SuiteRunner.runSequentially(SuiteRunner.java:413)
    at org.testng.SuiteRunner.privateRun(SuiteRunner.java:373)
    at org.testng.SuiteRunner.run(SuiteRunner.java:312)
    at org.testng.SuiteRunnerWorker.runSuite(SuiteRunnerWorker.java:52)
    at org.testng.SuiteRunnerWorker.run(SuiteRunnerWorker.java:95)
    at org.testng.TestNG.runSuitesSequentially(TestNG.java:1274)
    at org.testng.TestNG.runSuitesLocally(TestNG.java:1208)
    at org.testng.TestNG.runSuites(TestNG.java:1112)
    at org.testng.TestNG.run(TestNG.java:1079)
    at org.testng.remote.AbstractRemoteTestNG.run(AbstractRemoteTestNG.java:115)
    at org.testng.remote.RemoteTestNG.initAndRun(RemoteTestNG.java:293)
    at org.testng.remote.RemoteTestNG.main(RemoteTestNG.java:91)
</div></td><td>0</td></tr></table><h3>Class: com.example.tests.PasswordReset</h3><table><tr><th style='width: 50px;'>No</th><th>Method Name</th><th>Description</th><th>Test Data</th><th style='width: 80px;'>Result</th><th>Failure Reason</th><th style='width: 80px;'>Time (ms)</th></tr><tr><td>1</td><td>clickPasswordResetQuicklinks</td><td>Verification of Password Reset Quick links</td><td></td><td class='status-PASS'>PASS</td><td></td><td>4719</td></tr><tr><td>2</td><td>submittingPasswordResetForm</td><td>Verification of Submitting Password Reset Quick links</td><td></td><td class='status-PASS'>PASS</td><td></td><td>13233</td></tr><tr><td>3</td><td>checkingIncident</td><td>Verification of Created Incident</td><td></td><td class='status-PASS'>PASS</td><td></td><td>20797</td></tr><tr><td>4</td><td>addingComment</td><td>Verification of Adding comment on Incident</td><td></td><td class='status-FAIL'>FAIL</td><td><div class='error'>org.openqa.selenium.NoSuchElementException: no such element: Unable to locate element: {&quot;method&quot;:&quot;css selector&quot;,&quot;selector&quot;:&quot;#\/\/\*\[\@id\=\'incident\.close_code\'\]&quot;}
  (Session info: chrome=143.0.7499.147)
For documentation on this error, please visit: https://www.selenium.dev/documentation/webdriver/troubleshooting/errors#no-such-element-exception
Build info: version: '4.21.0', revision: '79ed462ef4'
System info: os.name: 'Windows 11', os.arch: 'amd64', os.version: '10.0', java.version: '21.0.9'
Driver info: org.openqa.selenium.chrome.ChromeDriver
Command: [634d2809660b4dfc7596d1ef39ee46ed, findElement {value=//*[@id='incident.close_code'], using=id}]
Capabilities {acceptInsecureCerts: false, browserName: chrome, browserVersion: 143.0.7499.147, chrome: {chromedriverVersion: 143.0.7499.169 (164b20aab62..., userDataDir: C:\Users\SANDES~1\AppData\L...}, fedcm:accounts: true, goog:chromeOptions: {debuggerAddress: localhost:60954}, goog:processID: 36012, networkConnectionEnabled: false, pageLoadStrategy: normal, platformName: windows, proxy: Proxy(), se:cdp: ws://localhost:60954/devtoo..., se:cdpVersion: 143.0.7499.147, setWindowRect: true, strictFileInteractability: false, timeouts: {implicit: 0, pageLoad: 300000, script: 30000}, unhandledPromptBehavior: dismiss and notify, webauthn:extension:credBlob: true, webauthn:extension:largeBlob: true, webauthn:extension:minPinLength: true, webauthn:extension:prf: true, webauthn:virtualAuthenticators: true}
Session ID: 634d2809660b4dfc7596d1ef39ee46ed
    at java.base/jdk.internal.reflect.DirectConstructorHandleAccessor.newInstance(DirectConstructorHandleAccessor.java:62)
    at java.base/java.lang.reflect.Constructor.newInstanceWithCaller(Constructor.java:502)
    at java.base/java.lang.reflect.Constructor.newInstance(Constructor.java:486)
    at org.openqa.selenium.remote.ErrorCodec.decode(ErrorCodec.java:167)
    at org.openqa.selenium.remote.codec.w3c.W3CHttpResponseCodec.decode(W3CHttpResponseCodec.java:138)
    at org.openqa.selenium.remote.codec.w3c.W3CHttpResponseCodec.decode(W3CHttpResponseCodec.java:50)
    at org.openqa.selenium.remote.HttpCommandExecutor.execute(HttpCommandExecutor.java:190)
    at org.openqa.selenium.remote.service.DriverCommandExecutor.invokeExecute(DriverCommandExecutor.java:216)
    at org.openqa.selenium.remote.service.DriverCommandExecutor.execute(DriverCommandExecutor.java:174)
    at org.openqa.selenium.remote.RemoteWebDriver.execute(RemoteWebDriver.java:518)
    at org.openqa.selenium.remote.ElementLocation$ElementFinder$2.findElement(ElementLocation.java:165)
    at org.openqa.selenium.remote.ElementLocation.findElement(ElementLocation.java:59)
    at org.openqa.selenium.remote.RemoteWebDriver.findElement(RemoteWebDriver.java:355)
    at org.openqa.selenium.remote.RemoteWebDriver.findElement(RemoteWebDriver.java:349)
    at com.example.tests.PasswordReset.addingComment(PasswordReset.java:173)
    at java.base/jdk.internal.reflect.DirectMethodHandleAccessor.invoke(DirectMethodHandleAccessor.java:103)
    at java.base/java.lang.reflect.Method.invoke(Method.java:580)
    at org.testng.internal.invokers.MethodInvocationHelper.invokeMethod(MethodInvocationHelper.java:141)
    at org.testng.internal.invokers.TestInvoker.invokeMethod(TestInvoker.java:687)
    at org.testng.internal.invokers.TestInvoker.invokeTestMethod(TestInvoker.java:230)
    at org.testng.internal.invokers.MethodRunner.runInSequence(MethodRunner.java:63)
    at org.testng.internal.invokers.TestInvoker$MethodInvocationAgent.invoke(TestInvoker.java:995)
    at org.testng.internal.invokers.TestInvoker.invokeTestMethods(TestInvoker.java:203)
    at org.testng.internal.invokers.TestMethodWorker.invokeTestMethods(TestMethodWorker.java:154)
    at org.testng.internal.invokers.TestMethodWorker.run(TestMethodWorker.java:134)
    at java.base/java.util.ArrayList.forEach(ArrayList.java:1596)
    at org.testng.TestRunner.privateRun(TestRunner.java:741)
    at org.testng.TestRunner.run(TestRunner.java:616)
    at org.testng.SuiteRunner.runTest(SuiteRunner.java:421)
    at org.testng.SuiteRunner.runSequentially(SuiteRunner.java:413)
    at org.testng.SuiteRunner.privateRun(SuiteRunner.java:373)
    at org.testng.SuiteRunner.run(SuiteRunner.java:312)
    at org.testng.SuiteRunnerWorker.runSuite(SuiteRunnerWorker.java:52)
    at org.testng.SuiteRunnerWorker.run(SuiteRunnerWorker.java:95)
    at org.testng.TestNG.runSuitesSequentially(TestNG.java:1274)
    at org.testng.TestNG.runSuitesLocally(TestNG.java:1208)
    at org.testng.TestNG.runSuites(TestNG.java:1112)
    at org.testng.TestNG.run(TestNG.java:1079)
    at org.testng.remote.AbstractRemoteTestNG.run(AbstractRemoteTestNG.java:115)
    at org.testng.remote.RemoteTestNG.initAndRun(RemoteTestNG.java:293)
    at org.testng.remote.RemoteTestNG.main(RemoteTestNG.java:91)
</div></td><td>12927</td></tr></table></body></html>