<?xml version="1.0" encoding="UTF-8"?>
<!-- Generated by org.testng.reporters.JUnitXMLReporter -->
<testsuite ignored="4" hostname="DESKTOP-98HLI66" failures="1" tests="16" name="All test" time="461.001" errors="0" timestamp="2026-01-04T16:52:37 IST">
  <testcase classname="com.example.tests.RequestClosedComplete" name="createRequest" time="43.981"/>
  <testcase classname="com.example.tests.RequestClosedComplete" name="checkingRequest" time="19.659"/>
  <testcase classname="com.example.tests.RequestClosedComplete" name="approvals" time="2.628"/>
  <testcase classname="com.example.tests.RequestClosedComplete" name="impersonateUser" time="83.39"/>
  <testcase classname="com.example.tests.RequestClosedComplete" name="verifyCatalogTask" time="12.982"/>
  <testcase classname="com.example.tests.RequestClosedComplete" name="verifyCloseCompleteCatalogTask" time="26.517"/>
  <testcase classname="com.example.tests.RequestApprovalRejection" name="createRequest" time="39.717"/>
  <testcase classname="com.example.tests.RequestApprovalRejection" name="checkingRequest" time="16.337"/>
  <testcase classname="com.example.tests.RequestApprovalRejection" name="approvals" time="2.674"/>
  <testcase classname="com.example.tests.RequestApprovalRejection" name="impersonateUser" time="77.905"/>
  <testcase classname="com.example.tests.RequestApprovalRejection" name="verifyCatalogTask" time="25.884"/>
  <testcase classname="com.example.tests.RequestClosedIncomplete" name="createRequest" time="40.034"/>
  <testcase classname="com.example.tests.RequestClosedIncomplete" name="approvals" time="5.157">
    <failure type="org.openqa.selenium.NoSuchElementException" message="no such element: Unable to locate element: {&amp;quot;method&amp;quot;:&amp;quot;xpath&amp;quot;,&amp;quot;selector&amp;quot;:&amp;quot;//*[@id=&amp;quot;tabs2_list&amp;quot;]/span[2]/span/span[2]&amp;quot;}
  (Session info: chrome=143.0.7499.170)
For documentation on this error, please visit: https://www.selenium.dev/documentation/webdriver/troubleshooting/errors#no-such-element-exception
Build info: version: &amp;apos;4.21.0&amp;apos;, revision: &amp;apos;79ed462ef4&amp;apos;
System info: os.name: &amp;apos;Windows 11&amp;apos;, os.arch: &amp;apos;amd64&amp;apos;, os.version: &amp;apos;10.0&amp;apos;, java.version: &amp;apos;21.0.9&amp;apos;
Driver info: org.openqa.selenium.chrome.ChromeDriver
Command: [e29702df5f6a0086eb3ac4430fcdc405, findElement {using=xpath, value=//*[@id=&amp;quot;tabs2_list&amp;quot;]/span[2]/span/span[2]}]
Capabilities {acceptInsecureCerts: false, browserName: chrome, browserVersion: 143.0.7499.170, chrome: {chromedriverVersion: 143.0.7499.169 (164b20aab62..., userDataDir: C:\Users\SANDES~1\AppData\L...}, fedcm:accounts: true, goog:chromeOptions: {debuggerAddress: localhost:57613}, goog:processID: 30764, networkConnectionEnabled: false, pageLoadStrategy: normal, platformName: windows, proxy: Proxy(), se:cdp: ws://localhost:57613/devtoo..., se:cdpVersion: 143.0.7499.170, setWindowRect: true, strictFileInteractability: false, timeouts: {implicit: 0, pageLoad: 300000, script: 30000}, unhandledPromptBehavior: dismiss and notify, webauthn:extension:credBlob: true, webauthn:extension:largeBlob: true, webauthn:extension:minPinLength: true, webauthn:extension:prf: true, webauthn:virtualAuthenticators: true}
Session ID: e29702df5f6a0086eb3ac4430fcdc405">
      <![CDATA[org.openqa.selenium.NoSuchElementException: no such element: Unable to locate element: {"method":"xpath","selector":"//*[@id="tabs2_list"]/span[2]/span/span[2]"}
  (Session info: chrome=143.0.7499.170)
For documentation on this error, please visit: https://www.selenium.dev/documentation/webdriver/troubleshooting/errors#no-such-element-exception
Build info: version: '4.21.0', revision: '79ed462ef4'
System info: os.name: 'Windows 11', os.arch: 'amd64', os.version: '10.0', java.version: '21.0.9'
Driver info: org.openqa.selenium.chrome.ChromeDriver
Command: [e29702df5f6a0086eb3ac4430fcdc405, findElement {using=xpath, value=//*[@id="tabs2_list"]/span[2]/span/span[2]}]
Capabilities {acceptInsecureCerts: false, browserName: chrome, browserVersion: 143.0.7499.170, chrome: {chromedriverVersion: 143.0.7499.169 (164b20aab62..., userDataDir: C:\Users\SANDES~1\AppData\L...}, fedcm:accounts: true, goog:chromeOptions: {debuggerAddress: localhost:57613}, goog:processID: 30764, networkConnectionEnabled: false, pageLoadStrategy: normal, platformName: windows, proxy: Proxy(), se:cdp: ws://localhost:57613/devtoo..., se:cdpVersion: 143.0.7499.170, setWindowRect: true, strictFileInteractability: false, timeouts: {implicit: 0, pageLoad: 300000, script: 30000}, unhandledPromptBehavior: dismiss and notify, webauthn:extension:credBlob: true, webauthn:extension:largeBlob: true, webauthn:extension:minPinLength: true, webauthn:extension:prf: true, webauthn:virtualAuthenticators: true}
Session ID: e29702df5f6a0086eb3ac4430fcdc405
at org.openqa.selenium.remote.ErrorCodec.decode(ErrorCodec.java:167)
at org.openqa.selenium.remote.codec.w3c.W3CHttpResponseCodec.decode(W3CHttpResponseCodec.java:138)
at org.openqa.selenium.remote.codec.w3c.W3CHttpResponseCodec.decode(W3CHttpResponseCodec.java:50)
at org.openqa.selenium.remote.HttpCommandExecutor.execute(HttpCommandExecutor.java:190)
at org.openqa.selenium.remote.service.DriverCommandExecutor.invokeExecute(DriverCommandExecutor.java:216)
at org.openqa.selenium.remote.service.DriverCommandExecutor.execute(DriverCommandExecutor.java:174)
at org.openqa.selenium.remote.RemoteWebDriver.execute(RemoteWebDriver.java:518)
at org.openqa.selenium.remote.ElementLocation$ElementFinder$2.findElement(ElementLocation.java:165)
at org.openqa.selenium.remote.ElementLocation.findElement(ElementLocation.java:59)
at org.openqa.selenium.remote.RemoteWebDriver.findElement(RemoteWebDriver.java:355)
at org.openqa.selenium.remote.RemoteWebDriver.findElement(RemoteWebDriver.java:349)
at com.example.tests.RequestClosedIncomplete.approvals(RequestClosedIncomplete.java:124)
at java.base/java.util.ArrayList.forEach(ArrayList.java:1596)
... Removed 28 stack frames]]>
    </failure>
  </testcase> <!-- approvals -->
  <testcase classname="com.example.tests.RequestClosedIncomplete" name="impersonateUser" time="0.0">
    <skipped/>
  </testcase> <!-- impersonateUser -->
  <testcase classname="com.example.tests.RequestClosedIncomplete" name="verifyCatalogTask" time="0.0">
    <skipped/>
  </testcase> <!-- verifyCatalogTask -->
  <testcase classname="com.example.tests.RequestClosedIncomplete" name="verifyCloseIncompleteCatalogTask" time="0.0">
    <skipped/>
  </testcase> <!-- verifyCloseIncompleteCatalogTask -->
  <testcase classname="base.BaseTest" name="@AfterSuite teardownReport" time="0.0">
    <ignored/>
  </testcase> <!-- @AfterSuite teardownReport -->
  <testcase classname="base.BaseTest" name="@AfterSuite teardownReport" time="0.0">
    <ignored/>
  </testcase> <!-- @AfterSuite teardownReport -->
  <testcase classname="base.BaseTest" name="@BeforeSuite setupReport" time="0.0">
    <ignored/>
  </testcase> <!-- @BeforeSuite setupReport -->
  <testcase classname="base.BaseTest" name="@BeforeSuite setupReport" time="0.0">
    <ignored/>
  </testcase> <!-- @BeforeSuite setupReport -->
</testsuite> <!-- All test -->
